[INFO] Scanning for projects...
[INFO] 
[INFO] -------------------< com.edusmart:edu-smart-manager >-------------------
[INFO] Building edu-smart-manager 0.0.1-SNAPSHOT
[INFO] --------------------------------[ jar ]---------------------------------
[INFO] 
[INFO] >>> spring-boot-maven-plugin:3.3.0:run (default-cli) > test-compile @ edu-smart-manager >>>
[INFO] 
[INFO] --- maven-resources-plugin:3.3.1:resources (default-resources) @ edu-smart-manager ---
[INFO] Copying 1 resource from src\main\resources to target\classes
[INFO] Copying 0 resource from src\main\resources to target\classes
[INFO] 
[INFO] --- maven-compiler-plugin:3.13.0:compile (default-compile) @ edu-smart-manager ---
[INFO] Nothing to compile - all classes are up to date.
[INFO] 
[INFO] --- maven-resources-plugin:3.3.1:testResources (default-testResources) @ edu-smart-manager ---
[INFO] skip non existing resourceDirectory D:\education\backend\src\test\resources
[INFO] 
[INFO] --- maven-compiler-plugin:3.13.0:testCompile (default-testCompile) @ edu-smart-manager ---
[INFO] Nothing to compile - all classes are up to date.
[INFO] 
[INFO] <<< spring-boot-maven-plugin:3.3.0:run (default-cli) < test-compile @ edu-smart-manager <<<
[INFO] 
[INFO] 
[INFO] --- spring-boot-maven-plugin:3.3.0:run (default-cli) @ edu-smart-manager ---
[INFO] Attaching agents: []
  .   ____          _            __ _ _
 /\\ / ___'_ __ _ _(_)_ __  __ _ \ \ \ \
( ( )\___ | '_ | '_| | '_ \/ _` | \ \ \ \
 \\/  ___)| |_)| | | | | || (_| |  ) ) ) )
  '  |____| .__|_| |_|_| |_\__, | / / / /
 =========|_|==============|___/=/_/_/_/

 :: Spring Boot ::                (v3.3.0)

2026-04-12T13:38:24.232+08:00  INFO 31748 --- [edu-smart-manager] [           main] c.e.manager.EduSmartManagerApplication   : Starting EduSmartManagerApplication using Java 17.0.3.1 with PID 31748 (D:\education\backend\target\classes started by Lenovo in D:\education\backend)
2026-04-12T13:38:24.232+08:00  INFO 31748 --- [edu-smart-manager] [           main] c.e.manager.EduSmartManagerApplication   : No active profile set, falling back to 1 default profile: "default"
2026-04-12T13:38:25.387+08:00  INFO 31748 --- [edu-smart-manager] [           main] o.s.b.w.embedded.tomcat.TomcatWebServer  : Tomcat initialized with port 18080 (http)
2026-04-12T13:38:25.406+08:00  INFO 31748 --- [edu-smart-manager] [           main] o.apache.catalina.core.StandardService   : Starting service [Tomcat]
2026-04-12T13:38:25.406+08:00  INFO 31748 --- [edu-smart-manager] [           main] o.apache.catalina.core.StandardEngine    : Starting Servlet engine: [Apache Tomcat/10.1.24]
2026-04-12T13:38:25.452+08:00  INFO 31748 --- [edu-smart-manager] [           main] o.a.c.c.C.[Tomcat].[localhost].[/]       : Initializing Spring embedded WebApplicationContext
2026-04-12T13:38:25.452+08:00  INFO 31748 --- [edu-smart-manager] [           main] w.s.c.ServletWebServerApplicationContext : Root WebApplicationContext: initialization completed in 1178 ms
 _ _   |_  _ _|_. ___ _ |    _ 
| | |\/|_)(_| | |_\  |_)||_|_\ 
     /               |         
                        3.5.6 
2026-04-12T13:38:26.659+08:00  WARN 31748 --- [edu-smart-manager] [           main] .s.s.UserDetailsServiceAutoConfiguration : 

Using generated security password: 518a38c6-3b04-44c7-b9a5-b6aee2076669

This generated password is for development use only. Your security configuration must be updated before running your application in production.

2026-04-12T13:38:26.672+08:00  INFO 31748 --- [edu-smart-manager] [           main] r$InitializeUserDetailsManagerConfigurer : Global AuthenticationManager configured with UserDetailsService bean with name inMemoryUserDetailsManager
2026-04-12T13:38:26.945+08:00  INFO 31748 --- [edu-smart-manager] [           main] o.s.s.web.DefaultSecurityFilterChain     : Will secure any request with [org.springframework.security.web.session.DisableEncodeUrlFilter@1894fa9f, org.springframework.security.web.context.request.async.WebAsyncManagerIntegrationFilter@1144a02b, org.springframework.security.web.context.SecurityContextHolderFilter@2e362407, org.springframework.security.web.header.HeaderWriterFilter@164d01ba, org.springframework.web.filter.CorsFilter@26a4f9ed, org.springframework.security.web.authentication.logout.LogoutFilter@159ac15f, com.edusmart.manager.security.JwtAuthenticationFilter@182e7eda, org.springframework.security.web.savedrequest.RequestCacheAwareFilter@440ef8d, org.springframework.security.web.servletapi.SecurityContextHolderAwareRequestFilter@45e140ae, org.springframework.security.web.authentication.AnonymousAuthenticationFilter@7a572ea0, org.springframework.security.web.session.SessionManagementFilter@3915e7c3, org.springframework.security.web.access.ExceptionTranslationFilter@52621501, org.springframework.security.web.access.intercept.AuthorizationFilter@6c5ca0b6]
2026-04-12T13:38:27.152+08:00  WARN 31748 --- [edu-smart-manager] [           main] ConfigServletWebServerApplicationContext : Exception encountered during context initialization - cancelling refresh attempt: org.springframework.context.ApplicationContextException: Failed to start bean 'webServerStartStop'
2026-04-12T13:38:27.182+08:00  INFO 31748 --- [edu-smart-manager] [           main] .s.b.a.l.ConditionEvaluationReportLogger : 

Error starting ApplicationContext. To display the condition evaluation report re-run your application with 'debug' enabled.
2026-04-12T13:38:27.192+08:00 ERROR 31748 --- [edu-smart-manager] [           main] o.s.b.d.LoggingFailureAnalysisReporter   : 

***************************
APPLICATION FAILED TO START
***************************

Description:

Web server failed to start. Port 18080 was already in use.

Action:

Identify and stop the process that's listening on port 18080 or configure this application to listen on another port.

[INFO] ------------------------------------------------------------------------
[INFO] BUILD FAILURE
[INFO] ------------------------------------------------------------------------
[INFO] Total time:  5.780 s
[INFO] Finished at: 2026-04-12T13:38:27+08:00
[INFO] ------------------------------------------------------------------------
[ERROR] Failed to execute goal org.springframework.boot:spring-boot-maven-plugin:3.3.0:run (default-cli) on project edu-smart-manager: Process terminated with exit code: 1 -> [Help 1]
[ERROR] 
[ERROR] To see the full stack trace of the errors, re-run Maven with the -e switch.
[ERROR] Re-run Maven using the -X switch to enable full debug logging.
[ERROR] 
[ERROR] For more information about the errors and possible solutions, please read the following articles:
[ERROR] [Help 1] http://cwiki.apache.org/confluence/display/MAVEN/MojoExecutionException
